<?xml version="1.0" encoding="UTF-8"?>
<!-- Generated by org.testng.reporters.JUnitXMLReporter -->
<testsuite ignored="0" hostname="DESKTOP-ICLD36V" failures="0" tests="3" name="Default test" time="28.728" errors="0" timestamp="2024-06-29T12:48:02 IST">
  <testcase classname="evaluation.orangehrm" name="login" time="4.517"/>
  <testcase classname="evaluation.orangehrm" name="adminpage" time="10.47"/>
  <testcase classname="evaluation.orangehrm" name="logout" time="1.216"/>
</testsuite> <!-- Default test -->
