<?xml version="1.0" encoding="UTF-8"?>
<testng-results ignored="0" total="3" passed="3" failed="0" skipped="0">
  <reporter-output>
  </reporter-output>
  <suite started-at="2024-06-29T12:47:33 IST" name="Default suite" finished-at="2024-06-29T12:48:02 IST" duration-ms="28728">
    <groups>
    </groups>
    <test started-at="2024-06-29T12:47:33 IST" name="Default test" finished-at="2024-06-29T12:48:02 IST" duration-ms="28728">
      <class name="evaluation.orangehrm">
        <test-method is-config="true" signature="visit()[pri:0, instance:evaluation.orangehrm@3e08ff24]" started-at="2024-06-29T12:47:33 IST" name="visit" finished-at="2024-06-29T12:47:45 IST" duration-ms="11936" status="PASS">
          <reporter-output>
          </reporter-output>
        </test-method> <!-- visit -->
        <test-method signature="login()[pri:0, instance:evaluation.orangehrm@3e08ff24]" started-at="2024-06-29T12:47:45 IST" name="login" finished-at="2024-06-29T12:47:50 IST" duration-ms="4517" status="PASS">
          <reporter-output>
          </reporter-output>
        </test-method> <!-- login -->
        <test-method signature="adminpage()[pri:0, instance:evaluation.orangehrm@3e08ff24]" started-at="2024-06-29T12:47:50 IST" name="adminpage" finished-at="2024-06-29T12:48:00 IST" depends-on-methods="evaluation.orangehrm.login" duration-ms="10470" status="PASS">
          <reporter-output>
          </reporter-output>
        </test-method> <!-- adminpage -->
        <test-method signature="logout()[pri:0, instance:evaluation.orangehrm@3e08ff24]" started-at="2024-06-29T12:48:00 IST" name="logout" finished-at="2024-06-29T12:48:02 IST" depends-on-methods="evaluation.orangehrm.adminpage" duration-ms="1216" status="PASS">
          <reporter-output>
          </reporter-output>
        </test-method> <!-- logout -->
        <test-method is-config="true" signature="close()[pri:0, instance:evaluation.orangehrm@3e08ff24]" started-at="2024-06-29T12:48:02 IST" name="close" finished-at="2024-06-29T12:48:02 IST" duration-ms="467" status="PASS">
          <reporter-output>
          </reporter-output>
        </test-method> <!-- close -->
      </class> <!-- evaluation.orangehrm -->
    </test> <!-- Default test -->
  </suite> <!-- Default suite -->
</testng-results>
